<?xml version="1.0" encoding="UTF-8"?>
<!-- Generated by org.testng.reporters.JUnitReportReporter -->
<testsuite hostname="hdc3-d-514SLPT" name="Cucumber1.Automate.Loginpage" tests="1" failures="0" timestamp="29 Apr 2019 08:15:42 GMT" time="38.401" errors="0">
  <testcase name="login" time="38.401" classname="Cucumber1.Automate.Loginpage"/>
</testsuite> <!-- Cucumber1.Automate.Loginpage -->
