<?xml version="1.0" encoding="UTF-8"?>
<!-- Generated by org.testng.reporters.JUnitReportReporter -->
<testsuite hostname="hdc3-d-514SLPT" name="Cucumber1.Automate.LoginpageTest" tests="1" failures="0" timestamp="29 Apr 2019 10:29:31 GMT" time="20.215" errors="0">
  <testcase name="login" time="20.215" classname="Cucumber1.Automate.LoginpageTest"/>
</testsuite> <!-- Cucumber1.Automate.LoginpageTest -->
